Using pre-set license
Built from '2022.3/release' branch; Version is '2022.3.20f1 (61c2feb0970d) revision 6406910'; Using compiler version '192829333'; Build Type 'Release'
OS: 'Windows 10  (10.0.19045) 64bit Professional' Language: 'tr' Physical Memory: 16193 MB
BatchMode: 1, IsHumanControllingUs: 0, StartBugReporterOnCrash: 0, Is64bit: 1, IsPro: 1

COMMAND LINE ARGUMENTS:
C:\Program Files\Unity\Hub\Editor\2022.3.20f1\Editor\Unity.exe
-adb2
-batchMode
-noUpm
-name
AssetImportWorker3
-projectPath
E:/Poligon/Poligon
-logFile
Logs/AssetImportWorker3.log
-srvPort
59051
Successfully changed project path to: E:/Poligon/Poligon
E:/Poligon/Poligon
[UnityMemory] Configuration Parameters - Can be set up in boot.config
    "memorysetup-bucket-allocator-granularity=16"
    "memorysetup-bucket-allocator-bucket-count=8"
    "memorysetup-bucket-allocator-block-size=33554432"
    "memorysetup-bucket-allocator-block-count=8"
    "memorysetup-main-allocator-block-size=16777216"
    "memorysetup-thread-allocator-block-size=16777216"
    "memorysetup-gfx-main-allocator-block-size=16777216"
    "memorysetup-gfx-thread-allocator-block-size=16777216"
    "memorysetup-cache-allocator-block-size=4194304"
    "memorysetup-typetree-allocator-block-size=2097152"
    "memorysetup-profiler-bucket-allocator-granularity=16"
    "memorysetup-profiler-bucket-allocator-bucket-count=8"
    "memorysetup-profiler-bucket-allocator-block-size=33554432"
    "memorysetup-profiler-bucket-allocator-block-count=8"
    "memorysetup-profiler-allocator-block-size=16777216"
    "memorysetup-profiler-editor-allocator-block-size=1048576"
    "memorysetup-temp-allocator-size-main=16777216"
    "memorysetup-job-temp-allocator-block-size=2097152"
    "memorysetup-job-temp-allocator-block-size-background=1048576"
    "memorysetup-job-temp-allocator-reduction-small-platforms=262144"
    "memorysetup-allocator-temp-initial-block-size-main=262144"
    "memorysetup-allocator-temp-initial-block-size-worker=262144"
    "memorysetup-temp-allocator-size-background-worker=32768"
    "memorysetup-temp-allocator-size-job-worker=262144"
    "memorysetup-temp-allocator-size-preload-manager=33554432"
    "memorysetup-temp-allocator-size-nav-mesh-worker=65536"
    "memorysetup-temp-allocator-size-audio-worker=65536"
    "memorysetup-temp-allocator-size-cloud-worker=32768"
    "memorysetup-temp-allocator-size-gi-baking-worker=262144"
    "memorysetup-temp-allocator-size-gfx=262144"
Player connection [9412] Host "[IP] 192.168.0.10 [Port] 0 [Flags] 2 [Guid] 3289446874 [EditorId] 3289446874 [Version] 1048832 [Id] WindowsEditor(7,DESKTOP-FIOUNRI) [Debug] 1 [PackageName] WindowsEditor [ProjectName] Editor" joined multi-casting on [225.0.0.222:54997]...

Player connection [9412] Host "[IP] 192.168.0.10 [Port] 0 [Flags] 2 [Guid] 3289446874 [EditorId] 3289446874 [Version] 1048832 [Id] WindowsEditor(7,DESKTOP-FIOUNRI) [Debug] 1 [PackageName] WindowsEditor [ProjectName] Editor" joined alternative multi-casting on [225.0.0.222:34997]...

[Physics::Module] Initialized MultithreadedJobDispatcher with 15 workers.
Refreshing native plugins compatible for Editor in 7.20 ms, found 3 plugins.
Preloading 0 native plugins for Editor in 0.00 ms.
Initialize engine version: 2022.3.20f1 (61c2feb0970d)
[Subsystems] Discovering subsystems at path C:/Program Files/Unity/Hub/Editor/2022.3.20f1/Editor/Data/Resources/UnitySubsystems
[Subsystems] Discovering subsystems at path E:/Poligon/Poligon/Assets
GfxDevice: creating device client; threaded=0; jobified=0
Direct3D:
    Version:  Direct3D 11.0 [level 11.1]
    Renderer: NVIDIA GeForce RTX 3060 Laptop GPU (ID=0x2520)
    Vendor:   NVIDIA
    VRAM:     5996 MB
    Driver:   32.0.15.6614
Initialize mono
Mono path[0] = 'C:/Program Files/Unity/Hub/Editor/2022.3.20f1/Editor/Data/Managed'
Mono path[1] = 'C:/Program Files/Unity/Hub/Editor/2022.3.20f1/Editor/Data/MonoBleedingEdge/lib/mono/unityjit-win32'
Mono config path = 'C:/Program Files/Unity/Hub/Editor/2022.3.20f1/Editor/Data/MonoBleedingEdge/etc'
Using monoOptions --debugger-agent=transport=dt_socket,embedding=1,server=y,suspend=n,address=127.0.0.1:56044
Begin MonoManager ReloadAssembly
Registering precompiled unity dll's ...
Register platform support module: C:/Program Files/Unity/Hub/Editor/2022.3.20f1/Editor/Data/PlaybackEngines/WebGLSupport/UnityEditor.WebGL.Extensions.dll
Register platform support module: C:/Program Files/Unity/Hub/Editor/2022.3.20f1/Editor/Data/PlaybackEngines/WindowsStandaloneSupport/UnityEditor.WindowsStandalone.Extensions.dll
Registered in 0.011845 seconds.
- Loaded All Assemblies, in  0.433 seconds
Native extension for WindowsStandalone target not found
Native extension for WebGL target not found
Mono: successfully reloaded assembly
- Finished resetting the current domain, in  0.328 seconds
Domain Reload Profiling: 758ms
	BeginReloadAssembly (135ms)
		ExecutionOrderSort (0ms)
		DisableScriptedObjects (0ms)
		BackupInstance (0ms)
		ReleaseScriptingObjects (0ms)
		CreateAndSetChildDomain (1ms)
	RebuildCommonClasses (42ms)
	RebuildNativeTypeToScriptingClass (17ms)
	initialDomainReloadingComplete (78ms)
	LoadAllAssembliesAndSetupDomain (157ms)
		LoadAssemblies (134ms)
		RebuildTransferFunctionScriptingTraits (0ms)
		AnalyzeDomain (154ms)
			TypeCache.Refresh (152ms)
				TypeCache.ScanAssembly (139ms)
			ScanForSourceGeneratedMonoScriptInfo (0ms)
			ResolveRequiredComponents (1ms)
	FinalizeReload (329ms)
		ReleaseScriptCaches (0ms)
		RebuildScriptCaches (0ms)
		SetupLoadedEditorAssemblies (260ms)
			LogAssemblyErrors (0ms)
			InitializePlatformSupportModulesInManaged (10ms)
			SetLoadedEditorAssemblies (7ms)
			RefreshPlugins (0ms)
			BeforeProcessingInitializeOnLoad (3ms)
			ProcessInitializeOnLoadAttributes (181ms)
			ProcessInitializeOnLoadMethodAttributes (58ms)
			AfterProcessingInitializeOnLoad (0ms)
			EditorAssembliesLoaded (0ms)
		ExecutionOrderSort2 (0ms)
		AwakeInstancesAfterBackupRestoration (0ms)
========================================================================
Worker process is ready to serve import requests
Begin MonoManager ReloadAssembly
- Loaded All Assemblies, in  0.687 seconds
Refreshing native plugins compatible for Editor in 3.02 ms, found 3 plugins.
Native extension for WindowsStandalone target not found
Native extension for WebGL target not found
Package Manager log level set to [2]
[Package Manager] Server::EnsureServerProcessIsRunning -- launch failed, reason: Unity was launched with the -noUpm command-line argument
[Package Manager] UpmClient::Send -- Unable to send message (not connected to UPM process).
[Package Manager] Cannot connect to Unity Package Manager local server
Mono: successfully reloaded assembly
- Finished resetting the current domain, in  0.611 seconds
Domain Reload Profiling: 1296ms
	BeginReloadAssembly (167ms)
		ExecutionOrderSort (0ms)
		DisableScriptedObjects (6ms)
		BackupInstance (0ms)
		ReleaseScriptingObjects (0ms)
		CreateAndSetChildDomain (25ms)
	RebuildCommonClasses (36ms)
	RebuildNativeTypeToScriptingClass (15ms)
	initialDomainReloadingComplete (50ms)
	LoadAllAssembliesAndSetupDomain (416ms)
		LoadAssemblies (307ms)
		RebuildTransferFunctionScriptingTraits (0ms)
		AnalyzeDomain (204ms)
			TypeCache.Refresh (185ms)
				TypeCache.ScanAssembly (171ms)
			ScanForSourceGeneratedMonoScriptInfo (12ms)
			ResolveRequiredComponents (5ms)
	FinalizeReload (611ms)
		ReleaseScriptCaches (0ms)
		RebuildScriptCaches (0ms)
		SetupLoadedEditorAssemblies (445ms)
			LogAssemblyErrors (0ms)
			InitializePlatformSupportModulesInManaged (7ms)
			SetLoadedEditorAssemblies (4ms)
			RefreshPlugins (0ms)
			BeforeProcessingInitializeOnLoad (66ms)
			ProcessInitializeOnLoadAttributes (340ms)
			ProcessInitializeOnLoadMethodAttributes (18ms)
			AfterProcessingInitializeOnLoad (9ms)
			EditorAssembliesLoaded (0ms)
		ExecutionOrderSort2 (0ms)
		AwakeInstancesAfterBackupRestoration (7ms)
Launched and connected shader compiler UnityShaderCompiler.exe after 0.04 seconds
Refreshing native plugins compatible for Editor in 3.72 ms, found 3 plugins.
Preloading 0 native plugins for Editor in 0.00 ms.
Unloading 3139 Unused Serialized files (Serialized files now loaded: 0)
Unloading 32 unused Assets / (57.0 KB). Loaded Objects now: 3602.
Memory consumption went from 124.1 MB to 124.1 MB.
Total: 6.676300 ms (FindLiveObjects: 0.452400 ms CreateObjectMapping: 0.432300 ms MarkObjects: 5.647100 ms  DeleteObjects: 0.143400 ms)

AssetImportParameters requested are different than current active one (requested -> active):
  custom:container-demuxer-ogg: 62fdf1f143b41e24485cea50d1cbac27 -> 
  custom:video-decoder-ogg-theora: a1e56fd34408186e4bbccfd4996cb3dc -> 
  custom:framework-win-MediaFoundation: 216162199b28c13a410421893ffa2e32 -> 
  custom:CustomObjectIndexerAttribute: 6d391050e5a25f67b0a2c618074f2cd9 -> 
  custom:container-demuxer-webm: 4f35f7cbe854078d1ac9338744f61a02 -> 
  custom:container-muxer-webm: aa71ff27fc2769a1b78a27578f13a17b -> 
  custom:video-decoder-webm-vp8: 9c59270c3fd7afecdb556c50c9e8de78 -> 
  custom:SearchIndexIgnoredProperties: e643bd26f0fe6173181afceb89e7c659 -> 
  custom:AudioImporter_EditorPlatform: d09bf68614088b80899f8185d706f6e7 -> 
  custom:video-encoder-webm-vp8: eb34c28f22e8b96e1ab97ce403110664 -> 
  custom:audio-decoder-ogg-vorbis: bf7c407c2cedff20999df2af8eb42d56 -> 
  custom:audio-encoder-webm-vorbis: bf7c407c2cedff20999df2af8eb42d56 -> 
========================================================================
Received Import Request.
  Time since last request: 168742.045687 seconds.
  path: Assets/Polygon-Lite Survival Collection/Prefabs/SM_Cartridges_9_ONE.prefab
  artifactKey: Guid(cd709f568ba51c148856dc379eadb03e) Importer(815301076,1909f56bfc062723c751e8b465ee728b)
Start importing Assets/Polygon-Lite Survival Collection/Prefabs/SM_Cartridges_9_ONE.prefab using Guid(cd709f568ba51c148856dc379eadb03e) Importer(815301076,1909f56bfc062723c751e8b465ee728b)  -> (artifact id: 'd6837a440a7a4af0bf9305a77ec02e16') in 0.179928 seconds
Number of updated asset objects reloaded before import = 0
Number of asset objects unloaded after import = 9
========================================================================
Received Import Request.
  Time since last request: 0.000038 seconds.
  path: Assets/Polygon-Lite Survival Collection/Prefabs/Canned_food_A_01.prefab
  artifactKey: Guid(036c576504fa16147906e501b1a57384) Importer(815301076,1909f56bfc062723c751e8b465ee728b)
Start importing Assets/Polygon-Lite Survival Collection/Prefabs/Canned_food_A_01.prefab using Guid(036c576504fa16147906e501b1a57384) Importer(815301076,1909f56bfc062723c751e8b465ee728b)  -> (artifact id: '2c195a7a3b6a8cc76b30b71e28393ebf') in 0.022284 seconds
Number of updated asset objects reloaded before import = 0
Number of asset objects unloaded after import = 10
========================================================================
Received Import Request.
  Time since last request: 0.000023 seconds.
  path: Assets/Polygon-Lite Survival Collection/Prefabs/SM_ARAMID_FABRIC.prefab
  artifactKey: Guid(0bc308d5d4320ef4384e58e1eb73428a) Importer(815301076,1909f56bfc062723c751e8b465ee728b)
Start importing Assets/Polygon-Lite Survival Collection/Prefabs/SM_ARAMID_FABRIC.prefab using Guid(0bc308d5d4320ef4384e58e1eb73428a) Importer(815301076,1909f56bfc062723c751e8b465ee728b)  -> (artifact id: '73c3cb0ab7ca199d2b03a06914797759') in 0.021485 seconds
Number of updated asset objects reloaded before import = 0
Number of asset objects unloaded after import = 10
========================================================================
Received Import Request.
  Time since last request: 0.000021 seconds.
  path: Assets/Polygon-Lite Survival Collection/Prefabs/SM_FLATCHE.prefab
  artifactKey: Guid(66c5c01db3a7a4040b6b6ea74d1a8737) Importer(815301076,1909f56bfc062723c751e8b465ee728b)
Start importing Assets/Polygon-Lite Survival Collection/Prefabs/SM_FLATCHE.prefab using Guid(66c5c01db3a7a4040b6b6ea74d1a8737) Importer(815301076,1909f56bfc062723c751e8b465ee728b)  -> (artifact id: '5f4c953b4ec923851aa21924e55075fd') in 0.018479 seconds
Number of updated asset objects reloaded before import = 0
Number of asset objects unloaded after import = 9
========================================================================
Received Import Request.
  Time since last request: 0.000021 seconds.
  path: Assets/Polygon-Lite Survival Collection/Prefabs/SM_Large_Magazine_For_Army_Pistol_Empty.prefab
  artifactKey: Guid(3ae47a629d31e6545976a65007848e7c) Importer(815301076,1909f56bfc062723c751e8b465ee728b)
Start importing Assets/Polygon-Lite Survival Collection/Prefabs/SM_Large_Magazine_For_Army_Pistol_Empty.prefab using Guid(3ae47a629d31e6545976a65007848e7c) Importer(815301076,1909f56bfc062723c751e8b465ee728b)  -> (artifact id: 'b29178dc3ac87c49d170d880f48e2167') in 0.016881 seconds
Number of updated asset objects reloaded before import = 0
Number of asset objects unloaded after import = 10
========================================================================
Received Import Request.
  Time since last request: 0.000015 seconds.
  path: Assets/Polygon-Lite Survival Collection/Prefabs/SM_Camping_Axe.prefab
  artifactKey: Guid(c78b2f6da8c496044acf68bbb77bee45) Importer(815301076,1909f56bfc062723c751e8b465ee728b)
Start importing Assets/Polygon-Lite Survival Collection/Prefabs/SM_Camping_Axe.prefab using Guid(c78b2f6da8c496044acf68bbb77bee45) Importer(815301076,1909f56bfc062723c751e8b465ee728b)  -> (artifact id: 'c20a5405846f467c86471f0ecbd184ce') in 0.016568 seconds
Number of updated asset objects reloaded before import = 0
Number of asset objects unloaded after import = 10
========================================================================
Received Import Request.
  Time since last request: 1.823597 seconds.
  path: Assets/Polygon-Lite Survival Collection/Prefabs/SM_Magazine_For_Army_Pistol_Empty.prefab
  artifactKey: Guid(75684f6054a9a8143b92a740cc80a631) Importer(815301076,1909f56bfc062723c751e8b465ee728b)
Start importing Assets/Polygon-Lite Survival Collection/Prefabs/SM_Magazine_For_Army_Pistol_Empty.prefab using Guid(75684f6054a9a8143b92a740cc80a631) Importer(815301076,1909f56bfc062723c751e8b465ee728b)  -> (artifact id: '799e17ecf733002901b5eb880d948b0e') in 0.018084 seconds
Number of updated asset objects reloaded before import = 0
Number of asset objects unloaded after import = 10
========================================================================
Received Import Request.
  Time since last request: 0.000016 seconds.
  path: Assets/Polygon-Lite Survival Collection/Prefabs/SM_Scrap_Metal_01.prefab
  artifactKey: Guid(77ff5fc6b3b6f5a4cb0fe574d6726a93) Importer(815301076,1909f56bfc062723c751e8b465ee728b)
Start importing Assets/Polygon-Lite Survival Collection/Prefabs/SM_Scrap_Metal_01.prefab using Guid(77ff5fc6b3b6f5a4cb0fe574d6726a93) Importer(815301076,1909f56bfc062723c751e8b465ee728b)  -> (artifact id: '2c4b5b2fff7a90b6d0901778a7352c1a') in 0.014643 seconds
Number of updated asset objects reloaded before import = 0
Number of asset objects unloaded after import = 10
========================================================================
Received Import Request.
  Time since last request: 0.000027 seconds.
  path: Assets/Polygon-Lite Survival Collection/Prefabs/SM_Muffler_04.prefab
  artifactKey: Guid(5c9ddf07179e6a9488ccb9ebb6c30ba7) Importer(815301076,1909f56bfc062723c751e8b465ee728b)
Start importing Assets/Polygon-Lite Survival Collection/Prefabs/SM_Muffler_04.prefab using Guid(5c9ddf07179e6a9488ccb9ebb6c30ba7) Importer(815301076,1909f56bfc062723c751e8b465ee728b)  -> (artifact id: '6f8be6cb7429a69e2a038b125edf3fb8') in 0.020848 seconds
Number of updated asset objects reloaded before import = 0
Number of asset objects unloaded after import = 10
========================================================================
Received Import Request.
  Time since last request: 0.000032 seconds.
  path: Assets/Polygon-Lite Survival Collection/Prefabs/SM_Tactical_Block.prefab
  artifactKey: Guid(c90d4b87a9347fd43ad0fb549ee1f938) Importer(815301076,1909f56bfc062723c751e8b465ee728b)
Start importing Assets/Polygon-Lite Survival Collection/Prefabs/SM_Tactical_Block.prefab using Guid(c90d4b87a9347fd43ad0fb549ee1f938) Importer(815301076,1909f56bfc062723c751e8b465ee728b)  -> (artifact id: 'b69a3c498ed227ff6750c33ef4076f56') in 0.018556 seconds
Number of updated asset objects reloaded before import = 0
Number of asset objects unloaded after import = 10
========================================================================
Received Import Request.
  Time since last request: 0.000018 seconds.
  path: Assets/Polygon-Lite Survival Collection/Prefabs/SM_THREADS.prefab
  artifactKey: Guid(588b383dcb97f9941a82669bc9332319) Importer(815301076,1909f56bfc062723c751e8b465ee728b)
Start importing Assets/Polygon-Lite Survival Collection/Prefabs/SM_THREADS.prefab using Guid(588b383dcb97f9941a82669bc9332319) Importer(815301076,1909f56bfc062723c751e8b465ee728b)  -> (artifact id: '417ef1d6d793718a9f6e984577aad6c0') in 0.016025 seconds
Number of updated asset objects reloaded before import = 0
Number of asset objects unloaded after import = 10
========================================================================
Received Import Request.
  Time since last request: 0.000019 seconds.
  path: Assets/Polygon-Lite Survival Collection/Prefabs/SM_THE_CLOTH.prefab
  artifactKey: Guid(9ce2ab4fcb9070246bb9ed4506a37518) Importer(815301076,1909f56bfc062723c751e8b465ee728b)
Start importing Assets/Polygon-Lite Survival Collection/Prefabs/SM_THE_CLOTH.prefab using Guid(9ce2ab4fcb9070246bb9ed4506a37518) Importer(815301076,1909f56bfc062723c751e8b465ee728b)  -> (artifact id: '46a693adb50ac1ea7fde40855ad54be3') in 0.020337 seconds
Number of updated asset objects reloaded before import = 0
Number of asset objects unloaded after import = 10
========================================================================
Received Import Request.
  Time since last request: 0.000018 seconds.
  path: Assets/Polygon-Lite Survival Collection/Prefabs/SM_Scrap_Metal_02.prefab
  artifactKey: Guid(498ab23c9cbee7845b2c689473697044) Importer(815301076,1909f56bfc062723c751e8b465ee728b)
Start importing Assets/Polygon-Lite Survival Collection/Prefabs/SM_Scrap_Metal_02.prefab using Guid(498ab23c9cbee7845b2c689473697044) Importer(815301076,1909f56bfc062723c751e8b465ee728b)  -> (artifact id: '70ec79ce17e79bbdbafa061da69fb9f9') in 0.017480 seconds
Number of updated asset objects reloaded before import = 0
Number of asset objects unloaded after import = 10
========================================================================
Received Import Request.
  Time since last request: 277.912561 seconds.
  path: Assets/Cardboard Box (Rigged)/Prefabs/Cardboard Box (Opened).prefab
  artifactKey: Guid(3f20e35eeab59784a96d611db2b5160b) Importer(815301076,1909f56bfc062723c751e8b465ee728b)
Start importing Assets/Cardboard Box (Rigged)/Prefabs/Cardboard Box (Opened).prefab using Guid(3f20e35eeab59784a96d611db2b5160b) Importer(815301076,1909f56bfc062723c751e8b465ee728b)  -> (artifact id: '46b0cafb11b8f92b171aea1080529333') in 0.083795 seconds
Number of updated asset objects reloaded before import = 0
Number of asset objects unloaded after import = 49
========================================================================
Received Import Request.
  Time since last request: 7.231216 seconds.
  path: Assets/Cardboard Box (Rigged)/Materials & Textures/SideEnd.png
  artifactKey: Guid(db3563c94e31d4c47a05869a5482d2c4) Importer(815301076,1909f56bfc062723c751e8b465ee728b)
Start importing Assets/Cardboard Box (Rigged)/Materials & Textures/SideEnd.png using Guid(db3563c94e31d4c47a05869a5482d2c4) Importer(815301076,1909f56bfc062723c751e8b465ee728b)  -> (artifact id: 'a07bdf35de5c82ce00e78b74b94cf32d') in 0.031832 seconds
Number of updated asset objects reloaded before import = 0
Number of asset objects unloaded after import = 2
========================================================================
Received Import Request.
  Time since last request: 7.044743 seconds.
  path: Assets/Cardboard Box (Rigged)/Materials & Textures/Built-In/SideEndMat.mat
  artifactKey: Guid(14a79129f32757a4dbef5cd158e27908) Importer(815301076,1909f56bfc062723c751e8b465ee728b)
Start importing Assets/Cardboard Box (Rigged)/Materials & Textures/Built-In/SideEndMat.mat using Guid(14a79129f32757a4dbef5cd158e27908) Importer(815301076,1909f56bfc062723c751e8b465ee728b)  -> (artifact id: '69da57e9c410375a29d9a031e53c99bb') in 0.034285 seconds
Number of updated asset objects reloaded before import = 0
Number of asset objects unloaded after import = 2
========================================================================
Received Import Request.
  Time since last request: 56.518722 seconds.
  path: Assets/Cardboard Box (Rigged)/Materials & Textures/URP/SideEndMat.mat
  artifactKey: Guid(c87bd1cf2ff10d54ab52bb347b7e0440) Importer(815301076,1909f56bfc062723c751e8b465ee728b)
Start importing Assets/Cardboard Box (Rigged)/Materials & Textures/URP/SideEndMat.mat using Guid(c87bd1cf2ff10d54ab52bb347b7e0440) Importer(815301076,1909f56bfc062723c751e8b465ee728b)  -> (artifact id: '0d47ed9579643639bb89819914581f29') in 0.026924 seconds
Number of updated asset objects reloaded before import = 0
Number of asset objects unloaded after import = 2
========================================================================
Received Import Request.
  Time since last request: 0.000018 seconds.
  path: Assets/Cardboard Box (Rigged)/Materials & Textures/URP/SideMat.mat
  artifactKey: Guid(58f359bd3229ddf44b8f627bc3895e1f) Importer(815301076,1909f56bfc062723c751e8b465ee728b)
Start importing Assets/Cardboard Box (Rigged)/Materials & Textures/URP/SideMat.mat using Guid(58f359bd3229ddf44b8f627bc3895e1f) Importer(815301076,1909f56bfc062723c751e8b465ee728b)  -> (artifact id: 'e811d0ffde780c25171b70d16d56d194') in 0.024744 seconds
Number of updated asset objects reloaded before import = 0
Number of asset objects unloaded after import = 2
========================================================================
Received Prepare
Begin MonoManager ReloadAssembly
- Loaded All Assemblies, in  0.451 seconds
Refreshing native plugins compatible for Editor in 2.88 ms, found 3 plugins.
Native extension for WindowsStandalone target not found
Native extension for WebGL target not found
[Package Manager] Server::EnsureServerProcessIsRunning -- launch failed, reason: Unity was launched with the -noUpm command-line argument
[Package Manager] UpmClient::Send -- Unable to send message (not connected to UPM process).
[Package Manager] Cannot connect to Unity Package Manager local server
Mono: successfully reloaded assembly
- Finished resetting the current domain, in  0.875 seconds
Domain Reload Profiling: 1324ms
	BeginReloadAssembly (172ms)
		ExecutionOrderSort (0ms)
		DisableScriptedObjects (5ms)
		BackupInstance (0ms)
		ReleaseScriptingObjects (0ms)
		CreateAndSetChildDomain (41ms)
	RebuildCommonClasses (46ms)
	RebuildNativeTypeToScriptingClass (11ms)
	initialDomainReloadingComplete (33ms)
	LoadAllAssembliesAndSetupDomain (186ms)
		LoadAssemblies (266ms)
		RebuildTransferFunctionScriptingTraits (0ms)
		AnalyzeDomain (12ms)
			TypeCache.Refresh (7ms)
				TypeCache.ScanAssembly (0ms)
			ScanForSourceGeneratedMonoScriptInfo (0ms)
			ResolveRequiredComponents (4ms)
	FinalizeReload (876ms)
		ReleaseScriptCaches (0ms)
		RebuildScriptCaches (0ms)
		SetupLoadedEditorAssemblies (400ms)
			LogAssemblyErrors (0ms)
			InitializePlatformSupportModulesInManaged (10ms)
			SetLoadedEditorAssemblies (5ms)
			RefreshPlugins (0ms)
			BeforeProcessingInitializeOnLoad (67ms)
			ProcessInitializeOnLoadAttributes (287ms)
			ProcessInitializeOnLoadMethodAttributes (20ms)
			AfterProcessingInitializeOnLoad (10ms)
			EditorAssembliesLoaded (0ms)
		ExecutionOrderSort2 (0ms)
		AwakeInstancesAfterBackupRestoration (10ms)
Refreshing native plugins compatible for Editor in 2.44 ms, found 3 plugins.
Preloading 0 native plugins for Editor in 0.00 ms.
Unloading 3131 Unused Serialized files (Serialized files now loaded: 0)
Unloading 23 unused Assets / (31.1 KB). Loaded Objects now: 3648.
Memory consumption went from 131.0 MB to 131.0 MB.
Total: 2.503100 ms (FindLiveObjects: 0.243300 ms CreateObjectMapping: 0.078300 ms MarkObjects: 2.135500 ms  DeleteObjects: 0.045100 ms)

Prepare: number of updated asset objects reloaded= 0
AssetImportParameters requested are different than current active one (requested -> active):
  custom:container-demuxer-ogg: 62fdf1f143b41e24485cea50d1cbac27 -> 
  custom:video-decoder-ogg-theora: a1e56fd34408186e4bbccfd4996cb3dc -> 
  custom:framework-win-MediaFoundation: 216162199b28c13a410421893ffa2e32 -> 
  custom:CustomObjectIndexerAttribute: 6d391050e5a25f67b0a2c618074f2cd9 -> 
  custom:container-demuxer-webm: 4f35f7cbe854078d1ac9338744f61a02 -> 
  custom:container-muxer-webm: aa71ff27fc2769a1b78a27578f13a17b -> 
  custom:video-decoder-webm-vp8: 9c59270c3fd7afecdb556c50c9e8de78 -> 
  custom:SearchIndexIgnoredProperties: e643bd26f0fe6173181afceb89e7c659 -> 
  custom:AudioImporter_EditorPlatform: d09bf68614088b80899f8185d706f6e7 -> 
  custom:video-encoder-webm-vp8: eb34c28f22e8b96e1ab97ce403110664 -> 
  custom:audio-decoder-ogg-vorbis: bf7c407c2cedff20999df2af8eb42d56 -> 
  custom:audio-encoder-webm-vorbis: bf7c407c2cedff20999df2af8eb42d56 -> 
========================================================================
Received Import Request.
  Time since last request: 1114.651703 seconds.
  path: Assets/AmmoBox/AmmoBox.tga
  artifactKey: Guid(8330362510e161043a31652a6683bc3c) Importer(815301076,1909f56bfc062723c751e8b465ee728b)
Start importing Assets/AmmoBox/AmmoBox.tga using Guid(8330362510e161043a31652a6683bc3c) Importer(815301076,1909f56bfc062723c751e8b465ee728b)  -> (artifact id: '61ce9b2298bc581d83d09b7175395edc') in 0.061777 seconds
Number of updated asset objects reloaded before import = 0
Number of asset objects unloaded after import = 2
========================================================================
Received Import Request.
  Time since last request: 0.000026 seconds.
  path: Assets/AmmoBox/AmmoBox_bump.tga
  artifactKey: Guid(f7c67e9960f5aff47b77b3da14a94a98) Importer(815301076,1909f56bfc062723c751e8b465ee728b)
Start importing Assets/AmmoBox/AmmoBox_bump.tga using Guid(f7c67e9960f5aff47b77b3da14a94a98) Importer(815301076,1909f56bfc062723c751e8b465ee728b)  -> (artifact id: '29caeba310647cec9af642202ee11d17') in 0.030436 seconds
Number of updated asset objects reloaded before import = 0
Number of asset objects unloaded after import = 2
========================================================================
Received Import Request.
  Time since last request: 232.472694 seconds.
  path: Assets/12x70 rem Ammo Box/Models/12x70 rem open.fbx
  artifactKey: Guid(8c6f1711cf49f654cb671321e418b824) Importer(815301076,1909f56bfc062723c751e8b465ee728b)
Start importing Assets/12x70 rem Ammo Box/Models/12x70 rem open.fbx using Guid(8c6f1711cf49f654cb671321e418b824) Importer(815301076,1909f56bfc062723c751e8b465ee728b)  -> (artifact id: '5e9b399a03a765ec4789a9bc12fbb38f') in 0.095709 seconds
Number of updated asset objects reloaded before import = 0
Number of asset objects unloaded after import = 8
========================================================================
Received Import Request.
  Time since last request: 31.637731 seconds.
  path: Assets/12x70 rem Ammo Box/Prefabs/12x70 rem close dirty.prefab
  artifactKey: Guid(27a5f227271dc1f49a0282f00bb9876f) Importer(815301076,1909f56bfc062723c751e8b465ee728b)
Start importing Assets/12x70 rem Ammo Box/Prefabs/12x70 rem close dirty.prefab using Guid(27a5f227271dc1f49a0282f00bb9876f) Importer(815301076,1909f56bfc062723c751e8b465ee728b)  -> (artifact id: '619e5ca6a39c3e408db8d480f370581d') in 0.752151 seconds
Number of updated asset objects reloaded before import = 0
Number of asset objects unloaded after import = 13
========================================================================
Received Import Request.
  Time since last request: 0.000025 seconds.
  path: Assets/12x70 rem Ammo Box/Prefabs/12x70 rem open clean.prefab
  artifactKey: Guid(4888054c053840045b85e1877a571234) Importer(815301076,1909f56bfc062723c751e8b465ee728b)
Start importing Assets/12x70 rem Ammo Box/Prefabs/12x70 rem open clean.prefab using Guid(4888054c053840045b85e1877a571234) Importer(815301076,1909f56bfc062723c751e8b465ee728b)  -> (artifact id: 'e45db39691a408f0a68846bdfe3fbf3e') in 0.589835 seconds
Number of updated asset objects reloaded before import = 0
Number of asset objects unloaded after import = 85
Editor requested this worker to shutdown with reason: Scaling down because of idle timeout
TcpMessagingSession - receive error: operation aborted. errorcode: 995, details: Bir iş parçacığı çıkışı veya bir uygulama isteği nedeniyle G/Ç işlemi iptal edildi.
AssetImportWorker is now disconnected from the server
Process exiting
Exiting without the bug reporter. Application will terminate with return code 0