Using pre-set license
Built from '2022.3/release' branch; Version is '2022.3.20f1 (61c2feb0970d) revision 6406910'; Using compiler version '192829333'; Build Type 'Release'
OS: 'Windows 10  (10.0.19045) 64bit Professional' Language: 'tr' Physical Memory: 16193 MB
BatchMode: 1, IsHumanControllingUs: 0, StartBugReporterOnCrash: 0, Is64bit: 1, IsPro: 1

COMMAND LINE ARGUMENTS:
C:\Program Files\Unity\Hub\Editor\2022.3.20f1\Editor\Unity.exe
-adb2
-batchMode
-noUpm
-name
AssetImportWorker0
-projectPath
E:/Poligon/Poligon
-logFile
Logs/AssetImportWorker0.log
-srvPort
59051
Successfully changed project path to: E:/Poligon/Poligon
E:/Poligon/Poligon
[UnityMemory] Configuration Parameters - Can be set up in boot.config
    "memorysetup-bucket-allocator-granularity=16"
    "memorysetup-bucket-allocator-bucket-count=8"
    "memorysetup-bucket-allocator-block-size=33554432"
    "memorysetup-bucket-allocator-block-count=8"
    "memorysetup-main-allocator-block-size=16777216"
    "memorysetup-thread-allocator-block-size=16777216"
    "memorysetup-gfx-main-allocator-block-size=16777216"
    "memorysetup-gfx-thread-allocator-block-size=16777216"
    "memorysetup-cache-allocator-block-size=4194304"
    "memorysetup-typetree-allocator-block-size=2097152"
    "memorysetup-profiler-bucket-allocator-granularity=16"
    "memorysetup-profiler-bucket-allocator-bucket-count=8"
    "memorysetup-profiler-bucket-allocator-block-size=33554432"
    "memorysetup-profiler-bucket-allocator-block-count=8"
    "memorysetup-profiler-allocator-block-size=16777216"
    "memorysetup-profiler-editor-allocator-block-size=1048576"
    "memorysetup-temp-allocator-size-main=16777216"
    "memorysetup-job-temp-allocator-block-size=2097152"
    "memorysetup-job-temp-allocator-block-size-background=1048576"
    "memorysetup-job-temp-allocator-reduction-small-platforms=262144"
    "memorysetup-allocator-temp-initial-block-size-main=262144"
    "memorysetup-allocator-temp-initial-block-size-worker=262144"
    "memorysetup-temp-allocator-size-background-worker=32768"
    "memorysetup-temp-allocator-size-job-worker=262144"
    "memorysetup-temp-allocator-size-preload-manager=33554432"
    "memorysetup-temp-allocator-size-nav-mesh-worker=65536"
    "memorysetup-temp-allocator-size-audio-worker=65536"
    "memorysetup-temp-allocator-size-cloud-worker=32768"
    "memorysetup-temp-allocator-size-gi-baking-worker=262144"
    "memorysetup-temp-allocator-size-gfx=262144"
Player connection [11980] Host "[IP] 192.168.0.10 [Port] 0 [Flags] 2 [Guid] 491541722 [EditorId] 491541722 [Version] 1048832 [Id] WindowsEditor(7,DESKTOP-FIOUNRI) [Debug] 1 [PackageName] WindowsEditor [ProjectName] Editor" joined multi-casting on [225.0.0.222:54997]...

Player connection [11980] Host "[IP] 192.168.0.10 [Port] 0 [Flags] 2 [Guid] 491541722 [EditorId] 491541722 [Version] 1048832 [Id] WindowsEditor(7,DESKTOP-FIOUNRI) [Debug] 1 [PackageName] WindowsEditor [ProjectName] Editor" joined alternative multi-casting on [225.0.0.222:34997]...

[Physics::Module] Initialized MultithreadedJobDispatcher with 15 workers.
Refreshing native plugins compatible for Editor in 6.57 ms, found 3 plugins.
Preloading 0 native plugins for Editor in 0.00 ms.
Initialize engine version: 2022.3.20f1 (61c2feb0970d)
[Subsystems] Discovering subsystems at path C:/Program Files/Unity/Hub/Editor/2022.3.20f1/Editor/Data/Resources/UnitySubsystems
[Subsystems] Discovering subsystems at path E:/Poligon/Poligon/Assets
GfxDevice: creating device client; threaded=0; jobified=0
Direct3D:
    Version:  Direct3D 11.0 [level 11.1]
    Renderer: NVIDIA GeForce RTX 3060 Laptop GPU (ID=0x2520)
    Vendor:   NVIDIA
    VRAM:     5996 MB
    Driver:   32.0.15.6614
Initialize mono
Mono path[0] = 'C:/Program Files/Unity/Hub/Editor/2022.3.20f1/Editor/Data/Managed'
Mono path[1] = 'C:/Program Files/Unity/Hub/Editor/2022.3.20f1/Editor/Data/MonoBleedingEdge/lib/mono/unityjit-win32'
Mono config path = 'C:/Program Files/Unity/Hub/Editor/2022.3.20f1/Editor/Data/MonoBleedingEdge/etc'
Using monoOptions --debugger-agent=transport=dt_socket,embedding=1,server=y,suspend=n,address=127.0.0.1:56164
Begin MonoManager ReloadAssembly
Registering precompiled unity dll's ...
Register platform support module: C:/Program Files/Unity/Hub/Editor/2022.3.20f1/Editor/Data/PlaybackEngines/WebGLSupport/UnityEditor.WebGL.Extensions.dll
Register platform support module: C:/Program Files/Unity/Hub/Editor/2022.3.20f1/Editor/Data/PlaybackEngines/WindowsStandaloneSupport/UnityEditor.WindowsStandalone.Extensions.dll
Registered in 0.013906 seconds.
- Loaded All Assemblies, in  0.405 seconds
Native extension for WindowsStandalone target not found
Native extension for WebGL target not found
Mono: successfully reloaded assembly
- Finished resetting the current domain, in  0.308 seconds
Domain Reload Profiling: 712ms
	BeginReloadAssembly (116ms)
		ExecutionOrderSort (0ms)
		DisableScriptedObjects (0ms)
		BackupInstance (0ms)
		ReleaseScriptingObjects (0ms)
		CreateAndSetChildDomain (1ms)
	RebuildCommonClasses (43ms)
	RebuildNativeTypeToScriptingClass (9ms)
	initialDomainReloadingComplete (66ms)
	LoadAllAssembliesAndSetupDomain (170ms)
		LoadAssemblies (115ms)
		RebuildTransferFunctionScriptingTraits (0ms)
		AnalyzeDomain (168ms)
			TypeCache.Refresh (166ms)
				TypeCache.ScanAssembly (150ms)
			ScanForSourceGeneratedMonoScriptInfo (0ms)
			ResolveRequiredComponents (0ms)
	FinalizeReload (309ms)
		ReleaseScriptCaches (0ms)
		RebuildScriptCaches (0ms)
		SetupLoadedEditorAssemblies (232ms)
			LogAssemblyErrors (0ms)
			InitializePlatformSupportModulesInManaged (14ms)
			SetLoadedEditorAssemblies (5ms)
			RefreshPlugins (0ms)
			BeforeProcessingInitializeOnLoad (2ms)
			ProcessInitializeOnLoadAttributes (153ms)
			ProcessInitializeOnLoadMethodAttributes (59ms)
			AfterProcessingInitializeOnLoad (0ms)
			EditorAssembliesLoaded (0ms)
		ExecutionOrderSort2 (0ms)
		AwakeInstancesAfterBackupRestoration (0ms)
========================================================================
Worker process is ready to serve import requests
Begin MonoManager ReloadAssembly
- Loaded All Assemblies, in  0.732 seconds
Refreshing native plugins compatible for Editor in 2.01 ms, found 3 plugins.
Native extension for WindowsStandalone target not found
Native extension for WebGL target not found
Package Manager log level set to [2]
[Package Manager] Server::EnsureServerProcessIsRunning -- launch failed, reason: Unity was launched with the -noUpm command-line argument
[Package Manager] UpmClient::Send -- Unable to send message (not connected to UPM process).
[Package Manager] Cannot connect to Unity Package Manager local server
Mono: successfully reloaded assembly
- Finished resetting the current domain, in  0.678 seconds
Domain Reload Profiling: 1408ms
	BeginReloadAssembly (168ms)
		ExecutionOrderSort (0ms)
		DisableScriptedObjects (7ms)
		BackupInstance (0ms)
		ReleaseScriptingObjects (0ms)
		CreateAndSetChildDomain (26ms)
	RebuildCommonClasses (35ms)
	RebuildNativeTypeToScriptingClass (10ms)
	initialDomainReloadingComplete (46ms)
	LoadAllAssembliesAndSetupDomain (470ms)
		LoadAssemblies (364ms)
		RebuildTransferFunctionScriptingTraits (0ms)
		AnalyzeDomain (204ms)
			TypeCache.Refresh (184ms)
				TypeCache.ScanAssembly (164ms)
			ScanForSourceGeneratedMonoScriptInfo (16ms)
			ResolveRequiredComponents (3ms)
	FinalizeReload (679ms)
		ReleaseScriptCaches (0ms)
		RebuildScriptCaches (0ms)
		SetupLoadedEditorAssemblies (517ms)
			LogAssemblyErrors (0ms)
			InitializePlatformSupportModulesInManaged (8ms)
			SetLoadedEditorAssemblies (5ms)
			RefreshPlugins (0ms)
			BeforeProcessingInitializeOnLoad (78ms)
			ProcessInitializeOnLoadAttributes (394ms)
			ProcessInitializeOnLoadMethodAttributes (21ms)
			AfterProcessingInitializeOnLoad (11ms)
			EditorAssembliesLoaded (0ms)
		ExecutionOrderSort2 (0ms)
		AwakeInstancesAfterBackupRestoration (7ms)
Launched and connected shader compiler UnityShaderCompiler.exe after 0.05 seconds
Refreshing native plugins compatible for Editor in 2.37 ms, found 3 plugins.
Preloading 0 native plugins for Editor in 0.00 ms.
Unloading 3139 Unused Serialized files (Serialized files now loaded: 0)
Unloading 32 unused Assets / (57.0 KB). Loaded Objects now: 3602.
Memory consumption went from 124.1 MB to 124.1 MB.
Total: 6.574400 ms (FindLiveObjects: 0.400200 ms CreateObjectMapping: 0.411100 ms MarkObjects: 5.617300 ms  DeleteObjects: 0.144200 ms)

AssetImportParameters requested are different than current active one (requested -> active):
  custom:container-demuxer-ogg: 62fdf1f143b41e24485cea50d1cbac27 -> 
  custom:video-decoder-ogg-theora: a1e56fd34408186e4bbccfd4996cb3dc -> 
  custom:framework-win-MediaFoundation: 216162199b28c13a410421893ffa2e32 -> 
  custom:CustomObjectIndexerAttribute: 6d391050e5a25f67b0a2c618074f2cd9 -> 
  custom:container-demuxer-webm: 4f35f7cbe854078d1ac9338744f61a02 -> 
  custom:container-muxer-webm: aa71ff27fc2769a1b78a27578f13a17b -> 
  custom:video-decoder-webm-vp8: 9c59270c3fd7afecdb556c50c9e8de78 -> 
  custom:SearchIndexIgnoredProperties: e643bd26f0fe6173181afceb89e7c659 -> 
  custom:AudioImporter_EditorPlatform: d09bf68614088b80899f8185d706f6e7 -> 
  custom:video-encoder-webm-vp8: eb34c28f22e8b96e1ab97ce403110664 -> 
  custom:audio-decoder-ogg-vorbis: bf7c407c2cedff20999df2af8eb42d56 -> 
  custom:audio-encoder-webm-vorbis: bf7c407c2cedff20999df2af8eb42d56 -> 
========================================================================
Received Import Request.
  Time since last request: 168073.856050 seconds.
  path: Assets/New Folder
  artifactKey: Guid(4f3ca8b5bddb6574fa03770033e0419d) Importer(815301076,1909f56bfc062723c751e8b465ee728b)
Start importing Assets/New Folder using Guid(4f3ca8b5bddb6574fa03770033e0419d) Importer(815301076,1909f56bfc062723c751e8b465ee728b)  -> (artifact id: 'e667bd3b6a32e94694c3cef64a4573a8') in 0.003137 seconds
Number of updated asset objects reloaded before import = 0
Number of asset objects unloaded after import = 0
========================================================================
Received Import Request.
  Time since last request: 664.336284 seconds.
  path: Assets/Polygon-Lite Survival Collection/Models
  artifactKey: Guid(cd511c9cbb9e17248a268eba23ae15a5) Importer(815301076,1909f56bfc062723c751e8b465ee728b)
Start importing Assets/Polygon-Lite Survival Collection/Models using Guid(cd511c9cbb9e17248a268eba23ae15a5) Importer(815301076,1909f56bfc062723c751e8b465ee728b)  -> (artifact id: '87af77b98f36e5eadefc9dc9fa5abe62') in 0.000634 seconds
Number of updated asset objects reloaded before import = 0
Number of asset objects unloaded after import = 0
========================================================================
Received Import Request.
  Time since last request: 0.016366 seconds.
  path: Assets/Polygon-Lite Survival Collection/Models/Assembled_Tent_A.fbx
  artifactKey: Guid(f94c2828f003a00409630826d3f03b5c) Importer(815301076,1909f56bfc062723c751e8b465ee728b)
Start importing Assets/Polygon-Lite Survival Collection/Models/Assembled_Tent_A.fbx using Guid(f94c2828f003a00409630826d3f03b5c) Importer(815301076,1909f56bfc062723c751e8b465ee728b)  -> (artifact id: 'cbd7d8e48b342871c26db8f036fdeb55') in 0.161176 seconds
Number of updated asset objects reloaded before import = 0
Number of asset objects unloaded after import = 7
========================================================================
Received Import Request.
  Time since last request: 0.000029 seconds.
  path: Assets/Polygon-Lite Survival Collection/Models/SM_Fishing_Rod.fbx
  artifactKey: Guid(a299e3c11d167104da0e6fa164084e76) Importer(815301076,1909f56bfc062723c751e8b465ee728b)
Start importing Assets/Polygon-Lite Survival Collection/Models/SM_Fishing_Rod.fbx using Guid(a299e3c11d167104da0e6fa164084e76) Importer(815301076,1909f56bfc062723c751e8b465ee728b)  -> (artifact id: 'd1e040136f007fa1ddce687a2cb913fc') in 0.041780 seconds
Number of updated asset objects reloaded before import = 0
Number of asset objects unloaded after import = 17
========================================================================
Received Import Request.
  Time since last request: 0.000025 seconds.
  path: Assets/Polygon-Lite Survival Collection/Models/SM_Chuck_Pistol_Box_9.19.fbx
  artifactKey: Guid(b71555625692ea44e903fd664219c770) Importer(815301076,1909f56bfc062723c751e8b465ee728b)
Start importing Assets/Polygon-Lite Survival Collection/Models/SM_Chuck_Pistol_Box_9.19.fbx using Guid(b71555625692ea44e903fd664219c770) Importer(815301076,1909f56bfc062723c751e8b465ee728b)  -> (artifact id: '71a0ac4caedfcc6634fbe727816760c9') in 0.019952 seconds
Number of updated asset objects reloaded before import = 0
Number of asset objects unloaded after import = 7
========================================================================
Received Import Request.
  Time since last request: 0.000025 seconds.
  path: Assets/Polygon-Lite Survival Collection/Models/SM_Chainsaw.fbx
  artifactKey: Guid(b5f61d261ce1bad449dd30fb4ee37591) Importer(815301076,1909f56bfc062723c751e8b465ee728b)
Start importing Assets/Polygon-Lite Survival Collection/Models/SM_Chainsaw.fbx using Guid(b5f61d261ce1bad449dd30fb4ee37591) Importer(815301076,1909f56bfc062723c751e8b465ee728b)  -> (artifact id: '5baa1ba5b58f2bc94dbbfaf4c2ae6e9c') in 0.039227 seconds
Number of updated asset objects reloaded before import = 0
Number of asset objects unloaded after import = 7
========================================================================
Received Import Request.
  Time since last request: 0.000024 seconds.
  path: Assets/Polygon-Lite Survival Collection/Models/SM_Camping_Knife.fbx
  artifactKey: Guid(04bada0946472ac4f9a2b0e9d6da6dcc) Importer(815301076,1909f56bfc062723c751e8b465ee728b)
Start importing Assets/Polygon-Lite Survival Collection/Models/SM_Camping_Knife.fbx using Guid(04bada0946472ac4f9a2b0e9d6da6dcc) Importer(815301076,1909f56bfc062723c751e8b465ee728b)  -> (artifact id: '6562f378ca681167bab000095b5c3eb3') in 0.046825 seconds
Number of updated asset objects reloaded before import = 0
Number of asset objects unloaded after import = 7
========================================================================
Received Import Request.
  Time since last request: 0.000024 seconds.
  path: Assets/Polygon-Lite Survival Collection/Models/SM_Chuck_Pistol_Box_9_EMPTY.fbx
  artifactKey: Guid(9942aaf2e61908a4fa3b6a8939ff52f9) Importer(815301076,1909f56bfc062723c751e8b465ee728b)
Start importing Assets/Polygon-Lite Survival Collection/Models/SM_Chuck_Pistol_Box_9_EMPTY.fbx using Guid(9942aaf2e61908a4fa3b6a8939ff52f9) Importer(815301076,1909f56bfc062723c751e8b465ee728b)  -> (artifact id: '4b57199f28cca57fdda09b625ac8fd27') in 0.030081 seconds
Number of updated asset objects reloaded before import = 0
Number of asset objects unloaded after import = 7
========================================================================
Received Import Request.
  Time since last request: 0.000022 seconds.
  path: Assets/Polygon-Lite Survival Collection/Models/Meat_02.fbx
  artifactKey: Guid(b0d616cdeed04b140a3fbb3063f5beea) Importer(815301076,1909f56bfc062723c751e8b465ee728b)
Start importing Assets/Polygon-Lite Survival Collection/Models/Meat_02.fbx using Guid(b0d616cdeed04b140a3fbb3063f5beea) Importer(815301076,1909f56bfc062723c751e8b465ee728b)  -> (artifact id: '873f871297b371ba84aab05ef9174f59') in 0.023381 seconds
Number of updated asset objects reloaded before import = 0
Number of asset objects unloaded after import = 7
========================================================================
Received Import Request.
  Time since last request: 0.000021 seconds.
  path: Assets/Polygon-Lite Survival Collection/Models/Homemade_Medical_Splint.fbx
  artifactKey: Guid(27f2230ae424a774da3151968540aac8) Importer(815301076,1909f56bfc062723c751e8b465ee728b)
Start importing Assets/Polygon-Lite Survival Collection/Models/Homemade_Medical_Splint.fbx using Guid(27f2230ae424a774da3151968540aac8) Importer(815301076,1909f56bfc062723c751e8b465ee728b)  -> (artifact id: 'e64d5e259fce85b22ffcb28ec5700b15') in 0.021935 seconds
Number of updated asset objects reloaded before import = 0
Number of asset objects unloaded after import = 7
========================================================================
Received Import Request.
  Time since last request: 0.000020 seconds.
  path: Assets/Polygon-Lite Survival Collection/Models/Orange_01.fbx
  artifactKey: Guid(b4600eac96d6d584aae3bb5799e75c4b) Importer(815301076,1909f56bfc062723c751e8b465ee728b)
Start importing Assets/Polygon-Lite Survival Collection/Models/Orange_01.fbx using Guid(b4600eac96d6d584aae3bb5799e75c4b) Importer(815301076,1909f56bfc062723c751e8b465ee728b)  -> (artifact id: 'e64cbd8ec7ffad183fb87e811a5834e3') in 0.017398 seconds
Number of updated asset objects reloaded before import = 0
Number of asset objects unloaded after import = 7
========================================================================
Received Import Request.
  Time since last request: 0.000022 seconds.
  path: Assets/Polygon-Lite Survival Collection/Models/Canned_food_A_01.fbx
  artifactKey: Guid(392ff5165006e464c86c9dbe80cc8d3f) Importer(815301076,1909f56bfc062723c751e8b465ee728b)
Start importing Assets/Polygon-Lite Survival Collection/Models/Canned_food_A_01.fbx using Guid(392ff5165006e464c86c9dbe80cc8d3f) Importer(815301076,1909f56bfc062723c751e8b465ee728b)  -> (artifact id: '8cb7b84f4f525fd4153d8400414d62e1') in 0.018689 seconds
Number of updated asset objects reloaded before import = 0
Number of asset objects unloaded after import = 7
========================================================================
Received Import Request.
  Time since last request: 0.000036 seconds.
  path: Assets/Polygon-Lite Survival Collection/Models/SM_Camping_Axe.fbx
  artifactKey: Guid(829b122512a90914986a375d72271b29) Importer(815301076,1909f56bfc062723c751e8b465ee728b)
Start importing Assets/Polygon-Lite Survival Collection/Models/SM_Camping_Axe.fbx using Guid(829b122512a90914986a375d72271b29) Importer(815301076,1909f56bfc062723c751e8b465ee728b)  -> (artifact id: '5b97840e217a4f94af8aac6eba72295e') in 0.016364 seconds
Number of updated asset objects reloaded before import = 0
Number of asset objects unloaded after import = 7
========================================================================
Received Import Request.
  Time since last request: 0.000020 seconds.
  path: Assets/Polygon-Lite Survival Collection/Models/SM_Army_Pistol.fbx
  artifactKey: Guid(1cc03cbb51606e04faa898feb8fab8e3) Importer(815301076,1909f56bfc062723c751e8b465ee728b)
Start importing Assets/Polygon-Lite Survival Collection/Models/SM_Army_Pistol.fbx using Guid(1cc03cbb51606e04faa898feb8fab8e3) Importer(815301076,1909f56bfc062723c751e8b465ee728b)  -> (artifact id: '295308b7dbc8bb4ab3428ddfca4be7af') in 0.037127 seconds
Number of updated asset objects reloaded before import = 0
Number of asset objects unloaded after import = 22
========================================================================
Received Import Request.
  Time since last request: 0.000019 seconds.
  path: Assets/Polygon-Lite Survival Collection/Models/Meat_01.fbx
  artifactKey: Guid(b89b6237d7d126647884ce2160c115f2) Importer(815301076,1909f56bfc062723c751e8b465ee728b)
Start importing Assets/Polygon-Lite Survival Collection/Models/Meat_01.fbx using Guid(b89b6237d7d126647884ce2160c115f2) Importer(815301076,1909f56bfc062723c751e8b465ee728b)  -> (artifact id: 'b762b1a54cb46c1a5406cb56825e1553') in 0.016900 seconds
Number of updated asset objects reloaded before import = 0
Number of asset objects unloaded after import = 7
========================================================================
Received Import Request.
  Time since last request: 0.000018 seconds.
  path: Assets/Polygon-Lite Survival Collection/Models/SM_ARAMID_FABRIC.fbx
  artifactKey: Guid(6704ca6c29fd08b4898f36bf2c90058c) Importer(815301076,1909f56bfc062723c751e8b465ee728b)
Start importing Assets/Polygon-Lite Survival Collection/Models/SM_ARAMID_FABRIC.fbx using Guid(6704ca6c29fd08b4898f36bf2c90058c) Importer(815301076,1909f56bfc062723c751e8b465ee728b)  -> (artifact id: '077dc62f9f6a0f687921632e5ac2821e') in 0.016541 seconds
Number of updated asset objects reloaded before import = 0
Number of asset objects unloaded after import = 7
========================================================================
Received Import Request.
  Time since last request: 0.000014 seconds.
  path: Assets/Polygon-Lite Survival Collection/Models/Flask.fbx
  artifactKey: Guid(0c70a1c8c591d1f4caf785297bccc393) Importer(815301076,1909f56bfc062723c751e8b465ee728b)
Start importing Assets/Polygon-Lite Survival Collection/Models/Flask.fbx using Guid(0c70a1c8c591d1f4caf785297bccc393) Importer(815301076,1909f56bfc062723c751e8b465ee728b)  -> (artifact id: 'b3eb44f1450de972febdd412a51611bc') in 0.016635 seconds
Number of updated asset objects reloaded before import = 0
Number of asset objects unloaded after import = 7
========================================================================
Received Import Request.
  Time since last request: 0.000025 seconds.
  path: Assets/Polygon-Lite Survival Collection/Models/SM_Hammer.fbx
  artifactKey: Guid(b97a682b9deea6f4a9c2c726884c89f4) Importer(815301076,1909f56bfc062723c751e8b465ee728b)
Start importing Assets/Polygon-Lite Survival Collection/Models/SM_Hammer.fbx using Guid(b97a682b9deea6f4a9c2c726884c89f4) Importer(815301076,1909f56bfc062723c751e8b465ee728b)  -> (artifact id: 'c80083febcb6fe36139a32c156c3fb0f') in 0.018188 seconds
Number of updated asset objects reloaded before import = 0
Number of asset objects unloaded after import = 7
========================================================================
Received Import Request.
  Time since last request: 0.000020 seconds.
  path: Assets/Polygon-Lite Survival Collection/Models/Canned_food_B_01.fbx
  artifactKey: Guid(7e8c8f566be89cc48beb36361168019c) Importer(815301076,1909f56bfc062723c751e8b465ee728b)
Start importing Assets/Polygon-Lite Survival Collection/Models/Canned_food_B_01.fbx using Guid(7e8c8f566be89cc48beb36361168019c) Importer(815301076,1909f56bfc062723c751e8b465ee728b)  -> (artifact id: '102d75981645fae72cfb19be61703a4b') in 0.015604 seconds
Number of updated asset objects reloaded before import = 0
Number of asset objects unloaded after import = 7
========================================================================
Received Import Request.
  Time since last request: 0.000020 seconds.
  path: Assets/Polygon-Lite Survival Collection/Models/SM_Butt_Of_The_Rifle_For_Special_Submachine_Gun_Clean.fbx
  artifactKey: Guid(92dc1f4fb14f0994d9dfb2a4ed551c9c) Importer(815301076,1909f56bfc062723c751e8b465ee728b)
Start importing Assets/Polygon-Lite Survival Collection/Models/SM_Butt_Of_The_Rifle_For_Special_Submachine_Gun_Clean.fbx using Guid(92dc1f4fb14f0994d9dfb2a4ed551c9c) Importer(815301076,1909f56bfc062723c751e8b465ee728b)  -> (artifact id: 'c73c6ffa04da8edeb3a5274c942076ec') in 0.015820 seconds
Number of updated asset objects reloaded before import = 0
Number of asset objects unloaded after import = 7
========================================================================
Received Import Request.
  Time since last request: 0.000024 seconds.
  path: Assets/Polygon-Lite Survival Collection/Models/SM_FIREWOOD.fbx
  artifactKey: Guid(5df2cd158efe7e046802b7942e599378) Importer(815301076,1909f56bfc062723c751e8b465ee728b)
Start importing Assets/Polygon-Lite Survival Collection/Models/SM_FIREWOOD.fbx using Guid(5df2cd158efe7e046802b7942e599378) Importer(815301076,1909f56bfc062723c751e8b465ee728b)  -> (artifact id: '0d0c617bb9e5d458f63ff07d437b8bcc') in 0.019841 seconds
Number of updated asset objects reloaded before import = 0
Number of asset objects unloaded after import = 7
========================================================================
Received Import Request.
  Time since last request: 0.000027 seconds.
  path: Assets/Polygon-Lite Survival Collection/Models/Pan.fbx
  artifactKey: Guid(437d238391a5cc14f8d1f9d229af4592) Importer(815301076,1909f56bfc062723c751e8b465ee728b)
Start importing Assets/Polygon-Lite Survival Collection/Models/Pan.fbx using Guid(437d238391a5cc14f8d1f9d229af4592) Importer(815301076,1909f56bfc062723c751e8b465ee728b)  -> (artifact id: 'dfea1e13831677d9570b143823e75999') in 0.019101 seconds
Number of updated asset objects reloaded before import = 0
Number of asset objects unloaded after import = 7
========================================================================
Received Import Request.
  Time since last request: 0.000039 seconds.
  path: Assets/Polygon-Lite Survival Collection/Models/SM_Cartridges_9_ONE.fbx
  artifactKey: Guid(818109fdd292c124388bdf672613e4b4) Importer(815301076,1909f56bfc062723c751e8b465ee728b)
Start importing Assets/Polygon-Lite Survival Collection/Models/SM_Cartridges_9_ONE.fbx using Guid(818109fdd292c124388bdf672613e4b4) Importer(815301076,1909f56bfc062723c751e8b465ee728b)  -> (artifact id: 'f025bba57bf03b9dda9aaf82c991e182') in 0.017732 seconds
Number of updated asset objects reloaded before import = 0
Number of asset objects unloaded after import = 7
========================================================================
Received Import Request.
  Time since last request: 0.297248 seconds.
  path: Assets/Polygon-Lite Survival Collection/Models/SM_Log.fbx
  artifactKey: Guid(6bd982b9b51aeae4a9cb4b566b4da93f) Importer(815301076,1909f56bfc062723c751e8b465ee728b)
Start importing Assets/Polygon-Lite Survival Collection/Models/SM_Log.fbx using Guid(6bd982b9b51aeae4a9cb4b566b4da93f) Importer(815301076,1909f56bfc062723c751e8b465ee728b)  -> (artifact id: '9c3b56e04343b1c5367154f0b068bbc4') in 0.019651 seconds
Number of updated asset objects reloaded before import = 0
Number of asset objects unloaded after import = 7
========================================================================
Received Import Request.
  Time since last request: 0.000023 seconds.
  path: Assets/Polygon-Lite Survival Collection/Models/SM_Muzzle_Brake_Compensator_01.fbx
  artifactKey: Guid(3dc1c43c6efc435428abe80349244466) Importer(815301076,1909f56bfc062723c751e8b465ee728b)
Start importing Assets/Polygon-Lite Survival Collection/Models/SM_Muzzle_Brake_Compensator_01.fbx using Guid(3dc1c43c6efc435428abe80349244466) Importer(815301076,1909f56bfc062723c751e8b465ee728b)  -> (artifact id: '2bc6c43fa1947cf93126b394c713c397') in 0.019571 seconds
Number of updated asset objects reloaded before import = 0
Number of asset objects unloaded after import = 7
========================================================================
Received Import Request.
  Time since last request: 0.000027 seconds.
  path: Assets/Polygon-Lite Survival Collection/Models/SM_Magazine_For_Special_Submachine_Gun.fbx
  artifactKey: Guid(44a85a5c9c57e7c4c9bf6f7d4f71de5e) Importer(815301076,1909f56bfc062723c751e8b465ee728b)
Start importing Assets/Polygon-Lite Survival Collection/Models/SM_Magazine_For_Special_Submachine_Gun.fbx using Guid(44a85a5c9c57e7c4c9bf6f7d4f71de5e) Importer(815301076,1909f56bfc062723c751e8b465ee728b)  -> (artifact id: 'afc179824d676405e387f2c924c4649a') in 0.015954 seconds
Number of updated asset objects reloaded before import = 0
Number of asset objects unloaded after import = 7
========================================================================
Received Import Request.
  Time since last request: 0.000032 seconds.
  path: Assets/Polygon-Lite Survival Collection/Models/SM_Magazine_For_Army_Pistol_Empty.fbx
  artifactKey: Guid(1f9f83a8c0bf9e9498756f4454978095) Importer(815301076,1909f56bfc062723c751e8b465ee728b)
Start importing Assets/Polygon-Lite Survival Collection/Models/SM_Magazine_For_Army_Pistol_Empty.fbx using Guid(1f9f83a8c0bf9e9498756f4454978095) Importer(815301076,1909f56bfc062723c751e8b465ee728b)  -> (artifact id: '1907330d4b73c349a5a5b0d974be0745') in 0.016852 seconds
Number of updated asset objects reloaded before import = 0
Number of asset objects unloaded after import = 7
========================================================================
Received Import Request.
  Time since last request: 0.000023 seconds.
  path: Assets/Polygon-Lite Survival Collection/Models/SM_Pallet_03.fbx
  artifactKey: Guid(a4e716dc033017f4b8f3fe9be3dd65cc) Importer(815301076,1909f56bfc062723c751e8b465ee728b)
Start importing Assets/Polygon-Lite Survival Collection/Models/SM_Pallet_03.fbx using Guid(a4e716dc033017f4b8f3fe9be3dd65cc) Importer(815301076,1909f56bfc062723c751e8b465ee728b)  -> (artifact id: '33caad2413f41fa777fe7c521137319e') in 0.017749 seconds
Number of updated asset objects reloaded before import = 0
Number of asset objects unloaded after import = 7
========================================================================
Received Import Request.
  Time since last request: 0.000033 seconds.
  path: Assets/Polygon-Lite Survival Collection/Models/SM_Scrap_Metal_02.fbx
  artifactKey: Guid(94c2c318f2897384892a9b3a7bcd25b2) Importer(815301076,1909f56bfc062723c751e8b465ee728b)
Start importing Assets/Polygon-Lite Survival Collection/Models/SM_Scrap_Metal_02.fbx using Guid(94c2c318f2897384892a9b3a7bcd25b2) Importer(815301076,1909f56bfc062723c751e8b465ee728b)  -> (artifact id: '27538455582398396d7d838f1b7a2f61') in 0.017058 seconds
Number of updated asset objects reloaded before import = 0
Number of asset objects unloaded after import = 7
========================================================================
Received Import Request.
  Time since last request: 0.000016 seconds.
  path: Assets/Polygon-Lite Survival Collection/Models/SM_Scrap_Metal_01.fbx
  artifactKey: Guid(675f9e2a8ff33444cbc498895b039dd3) Importer(815301076,1909f56bfc062723c751e8b465ee728b)
Start importing Assets/Polygon-Lite Survival Collection/Models/SM_Scrap_Metal_01.fbx using Guid(675f9e2a8ff33444cbc498895b039dd3) Importer(815301076,1909f56bfc062723c751e8b465ee728b)  -> (artifact id: '8cdbfa7eaea21e39d13a0d5904910760') in 0.017300 seconds
Number of updated asset objects reloaded before import = 0
Number of asset objects unloaded after import = 7
========================================================================
Received Import Request.
  Time since last request: 2.178721 seconds.
  path: Assets/Polygon-Lite Survival Collection/Prefabs
  artifactKey: Guid(e62fbaf9c24111144b80fa2d57663abb) Importer(815301076,1909f56bfc062723c751e8b465ee728b)
Start importing Assets/Polygon-Lite Survival Collection/Prefabs using Guid(e62fbaf9c24111144b80fa2d57663abb) Importer(815301076,1909f56bfc062723c751e8b465ee728b)  -> (artifact id: '09418391c29518f89afeb464bc062c0a') in 0.000470 seconds
Number of updated asset objects reloaded before import = 0
Number of asset objects unloaded after import = 0
========================================================================
Received Import Request.
  Time since last request: 0.064518 seconds.
  path: Assets/Polygon-Lite Survival Collection/Prefabs/Apple_01.prefab
  artifactKey: Guid(6db7680dca4eb2748a7339cb3bc13d14) Importer(815301076,1909f56bfc062723c751e8b465ee728b)
Start importing Assets/Polygon-Lite Survival Collection/Prefabs/Apple_01.prefab using Guid(6db7680dca4eb2748a7339cb3bc13d14) Importer(815301076,1909f56bfc062723c751e8b465ee728b)  -> (artifact id: '5f5fc280e610d8121859d0d6b6e65e01') in 0.016742 seconds
Number of updated asset objects reloaded before import = 0
Number of asset objects unloaded after import = 10
========================================================================
Received Import Request.
  Time since last request: 0.000016 seconds.
  path: Assets/Polygon-Lite Survival Collection/Prefabs/Meat_03.prefab
  artifactKey: Guid(f3834b0b997a98f4abd2393ccf97366b) Importer(815301076,1909f56bfc062723c751e8b465ee728b)
Start importing Assets/Polygon-Lite Survival Collection/Prefabs/Meat_03.prefab using Guid(f3834b0b997a98f4abd2393ccf97366b) Importer(815301076,1909f56bfc062723c751e8b465ee728b)  -> (artifact id: '995a3436e27addcd5ecbde7a68fc7635') in 0.023808 seconds
Number of updated asset objects reloaded before import = 0
Number of asset objects unloaded after import = 10
========================================================================
Received Import Request.
  Time since last request: 0.000018 seconds.
  path: Assets/Polygon-Lite Survival Collection/Prefabs/SM_Chuck_Pistol_Box_9_EMPTY.prefab
  artifactKey: Guid(f2faea41168d49f4b800fb973c865a33) Importer(815301076,1909f56bfc062723c751e8b465ee728b)
Start importing Assets/Polygon-Lite Survival Collection/Prefabs/SM_Chuck_Pistol_Box_9_EMPTY.prefab using Guid(f2faea41168d49f4b800fb973c865a33) Importer(815301076,1909f56bfc062723c751e8b465ee728b)  -> (artifact id: 'd7dd0ad5d519a896f862bd0ad49a50eb') in 0.025719 seconds
Number of updated asset objects reloaded before import = 0
Number of asset objects unloaded after import = 10
========================================================================
Received Import Request.
  Time since last request: 0.000071 seconds.
  path: Assets/Polygon-Lite Survival Collection/Prefabs/SM_Hammer.prefab
  artifactKey: Guid(122489d113ea97d4bbf387d2dc2d5e86) Importer(815301076,1909f56bfc062723c751e8b465ee728b)
Start importing Assets/Polygon-Lite Survival Collection/Prefabs/SM_Hammer.prefab using Guid(122489d113ea97d4bbf387d2dc2d5e86) Importer(815301076,1909f56bfc062723c751e8b465ee728b)  -> (artifact id: '38cdd44def4afaad8c3292066e10fd3b') in 0.025186 seconds
Number of updated asset objects reloaded before import = 0
Number of asset objects unloaded after import = 10
========================================================================
Received Import Request.
  Time since last request: 0.000022 seconds.
  path: Assets/Polygon-Lite Survival Collection/Prefabs/Flask.prefab
  artifactKey: Guid(3ff9c98c0990fce468bb0d49a51b6461) Importer(815301076,1909f56bfc062723c751e8b465ee728b)
Start importing Assets/Polygon-Lite Survival Collection/Prefabs/Flask.prefab using Guid(3ff9c98c0990fce468bb0d49a51b6461) Importer(815301076,1909f56bfc062723c751e8b465ee728b)  -> (artifact id: 'adca1649d4d9fc1ab8437c28e827c242') in 0.022407 seconds
Number of updated asset objects reloaded before import = 0
Number of asset objects unloaded after import = 10
========================================================================
Received Import Request.
  Time since last request: 0.000140 seconds.
  path: Assets/Polygon-Lite Survival Collection/Prefabs/Medical_Kit.prefab
  artifactKey: Guid(c6776ea35b3d59b46907ebd401b343ff) Importer(815301076,1909f56bfc062723c751e8b465ee728b)
Start importing Assets/Polygon-Lite Survival Collection/Prefabs/Medical_Kit.prefab using Guid(c6776ea35b3d59b46907ebd401b343ff) Importer(815301076,1909f56bfc062723c751e8b465ee728b)  -> (artifact id: '0f9ac096c827418d62d1e16945043b13') in 0.025525 seconds
Number of updated asset objects reloaded before import = 0
Number of asset objects unloaded after import = 10
========================================================================
Received Import Request.
  Time since last request: 0.000024 seconds.
  path: Assets/Polygon-Lite Survival Collection/Prefabs/SM_Handguard_For_Submachine_Gun_02.prefab
  artifactKey: Guid(cdf94fedf7b2c124ab933abe0e1c5b00) Importer(815301076,1909f56bfc062723c751e8b465ee728b)
Start importing Assets/Polygon-Lite Survival Collection/Prefabs/SM_Handguard_For_Submachine_Gun_02.prefab using Guid(cdf94fedf7b2c124ab933abe0e1c5b00) Importer(815301076,1909f56bfc062723c751e8b465ee728b)  -> (artifact id: 'da59dfc16b3fc74509817e228111063e') in 0.017992 seconds
Number of updated asset objects reloaded before import = 0
Number of asset objects unloaded after import = 10
========================================================================
Received Import Request.
  Time since last request: 0.000029 seconds.
  path: Assets/Polygon-Lite Survival Collection/Prefabs/SM_Collimator_Sight_A_01.prefab
  artifactKey: Guid(129eda89f2b005c45a74bd52224c6076) Importer(815301076,1909f56bfc062723c751e8b465ee728b)
Start importing Assets/Polygon-Lite Survival Collection/Prefabs/SM_Collimator_Sight_A_01.prefab using Guid(129eda89f2b005c45a74bd52224c6076) Importer(815301076,1909f56bfc062723c751e8b465ee728b)  -> (artifact id: '5286361d27398d74e2a4d1f10a441e8d') in 0.014918 seconds
Number of updated asset objects reloaded before import = 0
Number of asset objects unloaded after import = 10
========================================================================
Received Import Request.
  Time since last request: 0.000021 seconds.
  path: Assets/Polygon-Lite Survival Collection/Prefabs/Orange_01.prefab
  artifactKey: Guid(a501219ff3ba3ab42aae76e837efaea0) Importer(815301076,1909f56bfc062723c751e8b465ee728b)
Start importing Assets/Polygon-Lite Survival Collection/Prefabs/Orange_01.prefab using Guid(a501219ff3ba3ab42aae76e837efaea0) Importer(815301076,1909f56bfc062723c751e8b465ee728b)  -> (artifact id: '006a69a3598fcc4409f87f33c11e0af8') in 0.017707 seconds
Number of updated asset objects reloaded before import = 0
Number of asset objects unloaded after import = 10
========================================================================
Received Import Request.
  Time since last request: 0.000026 seconds.
  path: Assets/Polygon-Lite Survival Collection/Prefabs/Bonfire_01.prefab
  artifactKey: Guid(6046a64e832cdad44ac9e18fe66d19f1) Importer(815301076,1909f56bfc062723c751e8b465ee728b)
Start importing Assets/Polygon-Lite Survival Collection/Prefabs/Bonfire_01.prefab using Guid(6046a64e832cdad44ac9e18fe66d19f1) Importer(815301076,1909f56bfc062723c751e8b465ee728b)  -> (artifact id: 'e40d5ac5f5c86da71409702a9cdf3f7f') in 0.017914 seconds
Number of updated asset objects reloaded before import = 0
Number of asset objects unloaded after import = 10
========================================================================
Received Import Request.
  Time since last request: 0.000026 seconds.
  path: Assets/Polygon-Lite Survival Collection/Prefabs/SM_FIREWOOD_LAYING.prefab
  artifactKey: Guid(fdb04e938e3a67d4ca9f646bc86fa9a2) Importer(815301076,1909f56bfc062723c751e8b465ee728b)
Start importing Assets/Polygon-Lite Survival Collection/Prefabs/SM_FIREWOOD_LAYING.prefab using Guid(fdb04e938e3a67d4ca9f646bc86fa9a2) Importer(815301076,1909f56bfc062723c751e8b465ee728b)  -> (artifact id: '074e31165d75c284c4602d0cb0033dc4') in 0.029916 seconds
Number of updated asset objects reloaded before import = 0
Number of asset objects unloaded after import = 10
========================================================================
Received Import Request.
  Time since last request: 0.000025 seconds.
  path: Assets/Polygon-Lite Survival Collection/Prefabs/Pan.prefab
  artifactKey: Guid(afcdb987b94954143bc6f5f57f3bd8a2) Importer(815301076,1909f56bfc062723c751e8b465ee728b)
Start importing Assets/Polygon-Lite Survival Collection/Prefabs/Pan.prefab using Guid(afcdb987b94954143bc6f5f57f3bd8a2) Importer(815301076,1909f56bfc062723c751e8b465ee728b)  -> (artifact id: '88cff9600814a92ee7ad9672d532f6d1') in 0.016273 seconds
Number of updated asset objects reloaded before import = 0
Number of asset objects unloaded after import = 10
========================================================================
Received Import Request.
  Time since last request: 0.000018 seconds.
  path: Assets/Polygon-Lite Survival Collection/Prefabs/Meat_02.prefab
  artifactKey: Guid(e70c788d9b889f44b8057c1ca261dbb9) Importer(815301076,1909f56bfc062723c751e8b465ee728b)
Start importing Assets/Polygon-Lite Survival Collection/Prefabs/Meat_02.prefab using Guid(e70c788d9b889f44b8057c1ca261dbb9) Importer(815301076,1909f56bfc062723c751e8b465ee728b)  -> (artifact id: '2c3ceb55055546b9c83b432d4fb0c33b') in 0.013893 seconds
Number of updated asset objects reloaded before import = 0
Number of asset objects unloaded after import = 10
========================================================================
Received Import Request.
  Time since last request: 0.000021 seconds.
  path: Assets/Polygon-Lite Survival Collection/Prefabs/SM_CEMENT_01.prefab
  artifactKey: Guid(e63c0883678c5ca4a80d34ae2165faa9) Importer(815301076,1909f56bfc062723c751e8b465ee728b)
Start importing Assets/Polygon-Lite Survival Collection/Prefabs/SM_CEMENT_01.prefab using Guid(e63c0883678c5ca4a80d34ae2165faa9) Importer(815301076,1909f56bfc062723c751e8b465ee728b)  -> (artifact id: 'b4eddaabc52d46de53e56f867e8afe04') in 0.021713 seconds
Number of updated asset objects reloaded before import = 0
Number of asset objects unloaded after import = 10
========================================================================
Received Import Request.
  Time since last request: 0.000020 seconds.
  path: Assets/Polygon-Lite Survival Collection/Prefabs/SM_Handguard_For_Submachine_Gun_01.prefab
  artifactKey: Guid(26b8206028c8ad242bf7bcfe0703439b) Importer(815301076,1909f56bfc062723c751e8b465ee728b)
Start importing Assets/Polygon-Lite Survival Collection/Prefabs/SM_Handguard_For_Submachine_Gun_01.prefab using Guid(26b8206028c8ad242bf7bcfe0703439b) Importer(815301076,1909f56bfc062723c751e8b465ee728b)  -> (artifact id: 'd0f9bd4c4840400d47657681c338ec12') in 0.018450 seconds
Number of updated asset objects reloaded before import = 0
Number of asset objects unloaded after import = 10
========================================================================
Received Import Request.
  Time since last request: 0.000022 seconds.
  path: Assets/Polygon-Lite Survival Collection/Prefabs/SM_GAS_CYLINDER_02.prefab
  artifactKey: Guid(ab3787f757082314fb65fb7ca4552c31) Importer(815301076,1909f56bfc062723c751e8b465ee728b)
Start importing Assets/Polygon-Lite Survival Collection/Prefabs/SM_GAS_CYLINDER_02.prefab using Guid(ab3787f757082314fb65fb7ca4552c31) Importer(815301076,1909f56bfc062723c751e8b465ee728b)  -> (artifact id: '58c94df20775129a81d8000e1ab2eccd') in 0.016719 seconds
Number of updated asset objects reloaded before import = 0
Number of asset objects unloaded after import = 10
========================================================================
Received Import Request.
  Time since last request: 1.840036 seconds.
  path: Assets/Polygon-Lite Survival Collection/Prefabs/SM_Log_laying.prefab
  artifactKey: Guid(63a58d29feb4cf64081e1f4a8e1b6844) Importer(815301076,1909f56bfc062723c751e8b465ee728b)
Start importing Assets/Polygon-Lite Survival Collection/Prefabs/SM_Log_laying.prefab using Guid(63a58d29feb4cf64081e1f4a8e1b6844) Importer(815301076,1909f56bfc062723c751e8b465ee728b)  -> (artifact id: 'ac9448e4d9fc97400140bb98d0705909') in 0.019285 seconds
Number of updated asset objects reloaded before import = 0
Number of asset objects unloaded after import = 10
========================================================================
Received Import Request.
  Time since last request: 0.000017 seconds.
  path: Assets/Polygon-Lite Survival Collection/Prefabs/Tent_A_01.prefab
  artifactKey: Guid(b5991b8efe7e0044888b9058f6d3119f) Importer(815301076,1909f56bfc062723c751e8b465ee728b)
Start importing Assets/Polygon-Lite Survival Collection/Prefabs/Tent_A_01.prefab using Guid(b5991b8efe7e0044888b9058f6d3119f) Importer(815301076,1909f56bfc062723c751e8b465ee728b)  -> (artifact id: '5e2921555d62b1aeca1985aa5e468653') in 0.035334 seconds
Number of updated asset objects reloaded before import = 0
Number of asset objects unloaded after import = 10
========================================================================
Received Import Request.
  Time since last request: 0.000028 seconds.
  path: Assets/Polygon-Lite Survival Collection/Prefabs/SM_Magazine_For_Special_Submachine_Gun.prefab
  artifactKey: Guid(eebf9633a5556074fa8426026d1c460f) Importer(815301076,1909f56bfc062723c751e8b465ee728b)
Start importing Assets/Polygon-Lite Survival Collection/Prefabs/SM_Magazine_For_Special_Submachine_Gun.prefab using Guid(eebf9633a5556074fa8426026d1c460f) Importer(815301076,1909f56bfc062723c751e8b465ee728b)  -> (artifact id: '589730ad75b1fcb908c4e9afd759ad8a') in 0.016008 seconds
Number of updated asset objects reloaded before import = 0
Number of asset objects unloaded after import = 10
========================================================================
Received Import Request.
  Time since last request: 0.000018 seconds.
  path: Assets/Polygon-Lite Survival Collection/Prefabs/SM_Pallet_03.prefab
  artifactKey: Guid(29abf24f5c3a0c346920490127e9b6d1) Importer(815301076,1909f56bfc062723c751e8b465ee728b)
Start importing Assets/Polygon-Lite Survival Collection/Prefabs/SM_Pallet_03.prefab using Guid(29abf24f5c3a0c346920490127e9b6d1) Importer(815301076,1909f56bfc062723c751e8b465ee728b)  -> (artifact id: '9ce8213f516dfd32d3fb7243a0f667f7') in 0.019667 seconds
Number of updated asset objects reloaded before import = 0
Number of asset objects unloaded after import = 10
========================================================================
Received Import Request.
  Time since last request: 0.000020 seconds.
  path: Assets/Polygon-Lite Survival Collection/Prefabs/Small_Canned_Food_C_03.prefab
  artifactKey: Guid(9406672675d366049a5cf427d4fe7332) Importer(815301076,1909f56bfc062723c751e8b465ee728b)
Start importing Assets/Polygon-Lite Survival Collection/Prefabs/Small_Canned_Food_C_03.prefab using Guid(9406672675d366049a5cf427d4fe7332) Importer(815301076,1909f56bfc062723c751e8b465ee728b)  -> (artifact id: 'bd85193a6dc4c304c4bb2d29660defb7') in 0.013104 seconds
Number of updated asset objects reloaded before import = 0
Number of asset objects unloaded after import = 10
========================================================================
Received Import Request.
  Time since last request: 0.000026 seconds.
  path: Assets/Polygon-Lite Survival Collection/Prefabs/SM_Scrap_Metal_03.prefab
  artifactKey: Guid(cc312fcfb332c8a45bd9691cbf391d16) Importer(815301076,1909f56bfc062723c751e8b465ee728b)
Start importing Assets/Polygon-Lite Survival Collection/Prefabs/SM_Scrap_Metal_03.prefab using Guid(cc312fcfb332c8a45bd9691cbf391d16) Importer(815301076,1909f56bfc062723c751e8b465ee728b)  -> (artifact id: '1ab3eefaa2c1d8d27e92daafcc28b447') in 0.014812 seconds
Number of updated asset objects reloaded before import = 0
Number of asset objects unloaded after import = 10
Editor requested this worker to shutdown with reason: Scaling down because of idle timeout
TcpMessagingSession - receive error: operation aborted. errorcode: 995, details: Bir iş parçacığı çıkışı veya bir uygulama isteği nedeniyle G/Ç işlemi iptal edildi.
AssetImportWorker is now disconnected from the server
Process exiting
Exiting without the bug reporter. Application will terminate with return code 0